

> waitr-shared@1.0.0 build
> tsc

[96m../node_modules/@types/babel__core/index.d.ts[0m:[93m2[0m:[93m31[0m - [91merror[0m[90m TS2792: [0mCannot find module '@babel/parser'. Did you mean to set the 'moduleResolution' option to 'nodenext', or to add aliases to the 'paths' option?

[7m2[0m import { ParserOptions } from "@babel/parser";
[7m [0m [91m                              ~~~~~~~~~~~~~~~[0m

[96m../node_modules/@types/babel__core/index.d.ts[0m:[93m5[0m:[93m20[0m - [91merror[0m[90m TS2792: [0mCannot find module '@babel/types'. Did you mean to set the 'moduleResolution' option to 'nodenext', or to add aliases to the 'paths' option?

[7m5[0m import * as t from "@babel/types";
[7m [0m [91m                   ~~~~~~~~~~~~~~[0m

[96m../node_modules/@types/babel__core/index.d.ts[0m:[93m10[0m:[93m52[0m - [91merror[0m[90m TS2792: [0mCannot find module '@babel/parser'. Did you mean to set the 'moduleResolution' option to 'nodenext', or to add aliases to the 'paths' option?

[7m10[0m export type ParseResult = ReturnType<typeof import("@babel/parser").parse>;
[7m  [0m [91m                                                   ~~~~~~~~~~~~~~~[0m

[96m../node_modules/@types/babel__generator/index.d.ts[0m:[93m1[0m:[93m20[0m - [91merror[0m[90m TS2792: [0mCannot find module '@babel/types'. Did you mean to set the 'moduleResolution' option to 'nodenext', or to add aliases to the 'paths' option?

[7m1[0m import * as t from "@babel/types";
[7m [0m [91m                   ~~~~~~~~~~~~~~[0m

[96m../node_modules/@types/babel__template/index.d.ts[0m:[93m1[0m:[93m31[0m - [91merror[0m[90m TS2792: [0mCannot find module '@babel/parser'. Did you mean to set the 'moduleResolution' option to 'nodenext', or to add aliases to the 'paths' option?

[7m1[0m import { ParserOptions } from "@babel/parser";
[7m [0m [91m                              ~~~~~~~~~~~~~~~[0m

[96m../node_modules/@types/babel__template/index.d.ts[0m:[93m2[0m:[93m48[0m - [91merror[0m[90m TS2792: [0mCannot find module '@babel/types'. Did you mean to set the 'moduleResolution' option to 'nodenext', or to add aliases to the 'paths' option?

[7m2[0m import { Expression, Program, Statement } from "@babel/types";
[7m [0m [91m                                               ~~~~~~~~~~~~~~[0m

[96m../node_modules/@types/babel__traverse/index.d.ts[0m:[93m1[0m:[93m20[0m - [91merror[0m[90m TS2792: [0mCannot find module '@babel/types'. Did you mean to set the 'moduleResolution' option to 'nodenext', or to add aliases to the 'paths' option?

[7m1[0m import * as t from "@babel/types";
[7m [0m [91m                   ~~~~~~~~~~~~~~[0m

[96m../node_modules/@types/babel__traverse/index.d.ts[0m:[93m361[0m:[93m28[0m - [91merror[0m[90m TS2536: [0mType '"type"' cannot be used to index type 'T'.

[7m361[0m     type: T extends Node ? T["type"] : T extends null | undefined ? undefined : Node["type"] | undefined;
[7m   [0m [91m                           ~~~~~~~~~[0m

[96m../node_modules/@types/jest/index.d.ts[0m:[93m622[0m:[93m32[0m - [91merror[0m[90m TS2792: [0mCannot find module 'expect'. Did you mean to set the 'moduleResolution' option to 'nodenext', or to add aliases to the 'paths' option?

[7m622[0m     type MatcherUtils = import("expect").MatcherUtils & { [other: string]: any };
[7m   [0m [91m                               ~~~~~~~~[0m

[96m../node_modules/@types/jest/index.d.ts[0m:[93m640[0m:[93m44[0m - [91merror[0m[90m TS2792: [0mCannot find module 'pretty-format'. Did you mean to set the 'moduleResolution' option to 'nodenext', or to add aliases to the 'paths' option?

[7m640[0m     type SnapshotSerializerPlugin = import("pretty-format").Plugin;
[7m   [0m [91m                                           ~~~~~~~~~~~~~~~[0m

[96m../node_modules/@types/jest/index.d.ts[0m:[93m678[0m:[93m32[0m - [91merror[0m[90m TS2792: [0mCannot find module 'expect'. Did you mean to set the 'moduleResolution' option to 'nodenext', or to add aliases to the 'paths' option?

[7m678[0m     type MatcherState = import("expect").MatcherState;
[7m   [0m [91m                               ~~~~~~~~[0m

[96m../node_modules/@types/mdx/types.d.ts[0m:[93m23[0m:[93m38[0m - [91merror[0m[90m TS2503: [0mCannot find namespace 'JSX'.

[7m23[0m type StringComponent = Extract<keyof JSX.IntrinsicElements, ElementType extends never ? string : ElementType>;
[7m  [0m [91m                                     ~~~[0m

[96m../node_modules/@types/mdx/types.d.ts[0m:[93m28[0m:[93m23[0m - [91merror[0m[90m TS2503: [0mCannot find namespace 'JSX'.

[7m28[0m export type Element = JSX.Element;
[7m  [0m [91m                      ~~~[0m

[96m../node_modules/@types/mdx/types.d.ts[0m:[93m47[0m:[93m28[0m - [91merror[0m[90m TS2503: [0mCannot find namespace 'JSX'.

[7m47[0m     ? new(props: Props) => JSX.ElementClass
[7m  [0m [91m                           ~~~[0m

[96m../node_modules/@types/mdx/types.d.ts[0m:[93m73[0m:[93m46[0m - [91merror[0m[90m TS2503: [0mCannot find namespace 'JSX'.

[7m73[0m         [Key in StringComponent]?: Component<JSX.IntrinsicElements[Key]>;
[7m  [0m [91m                                             ~~~[0m

[96m../node_modules/@types/node/globals.d.ts[0m:[93m6[0m:[93m76[0m - [91merror[0m[90m TS2792: [0mCannot find module 'undici-types'. Did you mean to set the 'moduleResolution' option to 'nodenext', or to add aliases to the 'paths' option?

[7m6[0m type _Request = typeof globalThis extends { onmessage: any } ? {} : import("undici-types").Request;
[7m [0m [91m                                                                           ~~~~~~~~~~~~~~[0m

[96m../node_modules/@types/node/globals.d.ts[0m:[93m7[0m:[93m77[0m - [91merror[0m[90m TS2792: [0mCannot find module 'undici-types'. Did you mean to set the 'moduleResolution' option to 'nodenext', or to add aliases to the 'paths' option?

[7m7[0m type _Response = typeof globalThis extends { onmessage: any } ? {} : import("undici-types").Response;
[7m [0m [91m                                                                            ~~~~~~~~~~~~~~[0m

[96m../node_modules/@types/node/globals.d.ts[0m:[93m8[0m:[93m77[0m - [91merror[0m[90m TS2792: [0mCannot find module 'undici-types'. Did you mean to set the 'moduleResolution' option to 'nodenext', or to add aliases to the 'paths' option?

[7m8[0m type _FormData = typeof globalThis extends { onmessage: any } ? {} : import("undici-types").FormData;
[7m [0m [91m                                                                            ~~~~~~~~~~~~~~[0m

[96m../node_modules/@types/node/globals.d.ts[0m:[93m9[0m:[93m76[0m - [91merror[0m[90m TS2792: [0mCannot find module 'undici-types'. Did you mean to set the 'moduleResolution' option to 'nodenext', or to add aliases to the 'paths' option?

[7m9[0m type _Headers = typeof globalThis extends { onmessage: any } ? {} : import("undici-types").Headers;
[7m [0m [91m                                                                           ~~~~~~~~~~~~~~[0m

[96m../node_modules/@types/node/globals.d.ts[0m:[93m10[0m:[93m81[0m - [91merror[0m[90m TS2792: [0mCannot find module 'undici-types'. Did you mean to set the 'moduleResolution' option to 'nodenext', or to add aliases to the 'paths' option?

[7m10[0m type _MessageEvent = typeof globalThis extends { onmessage: any } ? {} : import("undici-types").MessageEvent;
[7m  [0m [91m                                                                                ~~~~~~~~~~~~~~[0m

[96m../node_modules/@types/node/globals.d.ts[0m:[93m12[0m:[93m14[0m - [91merror[0m[90m TS2792: [0mCannot find module 'undici-types'. Did you mean to set the 'moduleResolution' option to 'nodenext', or to add aliases to the 'paths' option?

[7m12[0m     : import("undici-types").RequestInit;
[7m  [0m [91m             ~~~~~~~~~~~~~~[0m

[96m../node_modules/@types/node/globals.d.ts[0m:[93m14[0m:[93m14[0m - [91merror[0m[90m TS2792: [0mCannot find module 'undici-types'. Did you mean to set the 'moduleResolution' option to 'nodenext', or to add aliases to the 'paths' option?

[7m14[0m     : import("undici-types").ResponseInit;
[7m  [0m [91m             ~~~~~~~~~~~~~~[0m

[96m../node_modules/@types/node/globals.d.ts[0m:[93m15[0m:[93m78[0m - [91merror[0m[90m TS2792: [0mCannot find module 'undici-types'. Did you mean to set the 'moduleResolution' option to 'nodenext', or to add aliases to the 'paths' option?

[7m15[0m type _WebSocket = typeof globalThis extends { onmessage: any } ? {} : import("undici-types").WebSocket;
[7m  [0m [91m                                                                             ~~~~~~~~~~~~~~[0m

[96m../node_modules/@types/node/globals.d.ts[0m:[93m16[0m:[93m80[0m - [91merror[0m[90m TS2792: [0mCannot find module 'undici-types'. Did you mean to set the 'moduleResolution' option to 'nodenext', or to add aliases to the 'paths' option?

[7m16[0m type _EventSource = typeof globalThis extends { onmessage: any } ? {} : import("undici-types").EventSource;
[7m  [0m [91m                                                                               ~~~~~~~~~~~~~~[0m

[96m../node_modules/@types/node/globals.d.ts[0m:[93m331[0m:[93m25[0m - [91merror[0m[90m TS2792: [0mCannot find module 'undici-types'. Did you mean to set the 'moduleResolution' option to 'nodenext', or to add aliases to the 'paths' option?

[7m331[0m         : typeof import("undici-types").Request;
[7m   [0m [91m                        ~~~~~~~~~~~~~~[0m

[96m../node_modules/@types/node/globals.d.ts[0m:[93m340[0m:[93m25[0m - [91merror[0m[90m TS2792: [0mCannot find module 'undici-types'. Did you mean to set the 'moduleResolution' option to 'nodenext', or to add aliases to the 'paths' option?

[7m340[0m         : typeof import("undici-types").Response;
[7m   [0m [91m                        ~~~~~~~~~~~~~~[0m

[96m../node_modules/@types/node/globals.d.ts[0m:[93m347[0m:[93m25[0m - [91merror[0m[90m TS2792: [0mCannot find module 'undici-types'. Did you mean to set the 'moduleResolution' option to 'nodenext', or to add aliases to the 'paths' option?

[7m347[0m         : typeof import("undici-types").FormData;
[7m   [0m [91m                        ~~~~~~~~~~~~~~[0m

[96m../node_modules/@types/node/globals.d.ts[0m:[93m354[0m:[93m25[0m - [91merror[0m[90m TS2792: [0mCannot find module 'undici-types'. Did you mean to set the 'moduleResolution' option to 'nodenext', or to add aliases to the 'paths' option?

[7m354[0m         : typeof import("undici-types").Headers;
[7m   [0m [91m                        ~~~~~~~~~~~~~~[0m

[96m../node_modules/@types/node/globals.d.ts[0m:[93m361[0m:[93m25[0m - [91merror[0m[90m TS2792: [0mCannot find module 'undici-types'. Did you mean to set the 'moduleResolution' option to 'nodenext', or to add aliases to the 'paths' option?

[7m361[0m         : typeof import("undici-types").MessageEvent;
[7m   [0m [91m                        ~~~~~~~~~~~~~~[0m

[96m../node_modules/@types/node/globals.d.ts[0m:[93m365[0m:[93m25[0m - [91merror[0m[90m TS2792: [0mCannot find module 'undici-types'. Did you mean to set the 'moduleResolution' option to 'nodenext', or to add aliases to the 'paths' option?

[7m365[0m         : typeof import("undici-types").WebSocket;
[7m   [0m [91m                        ~~~~~~~~~~~~~~[0m

[96m../node_modules/@types/node/globals.d.ts[0m:[93m369[0m:[93m25[0m - [91merror[0m[90m TS2792: [0mCannot find module 'undici-types'. Did you mean to set the 'moduleResolution' option to 'nodenext', or to add aliases to the 'paths' option?

[7m369[0m         : typeof import("undici-types").EventSource;
[7m   [0m [91m                        ~~~~~~~~~~~~~~[0m

[96m../node_modules/@types/node/http.d.ts[0m:[93m1972[0m:[93m29[0m - [91merror[0m[90m TS2792: [0mCannot find module 'undici-types'. Did you mean to set the 'moduleResolution' option to 'nodenext', or to add aliases to the 'paths' option?

[7m1972[0m     const WebSocket: import("undici-types").WebSocket;
[7m    [0m [91m                            ~~~~~~~~~~~~~~[0m

[96m../node_modules/@types/node/http.d.ts[0m:[93m1976[0m:[93m30[0m - [91merror[0m[90m TS2792: [0mCannot find module 'undici-types'. Did you mean to set the 'moduleResolution' option to 'nodenext', or to add aliases to the 'paths' option?

[7m1976[0m     const CloseEvent: import("undici-types").CloseEvent;
[7m    [0m [91m                             ~~~~~~~~~~~~~~[0m

[96m../node_modules/@types/node/http.d.ts[0m:[93m1980[0m:[93m32[0m - [91merror[0m[90m TS2792: [0mCannot find module 'undici-types'. Did you mean to set the 'moduleResolution' option to 'nodenext', or to add aliases to the 'paths' option?

[7m1980[0m     const MessageEvent: import("undici-types").MessageEvent;
[7m    [0m [91m                               ~~~~~~~~~~~~~~[0m

[96m../node_modules/@types/pg/index.d.ts[0m:[93m5[0m:[93m26[0m - [91merror[0m[90m TS2792: [0mCannot find module 'pg-types'. Did you mean to set the 'moduleResolution' option to 'nodenext', or to add aliases to the 'paths' option?

[7m5[0m import pgTypes = require("pg-types");
[7m [0m [91m                         ~~~~~~~~~~[0m

[96m../node_modules/@types/pg/index.d.ts[0m:[93m325[0m:[93m21[0m - [91merror[0m[90m TS2792: [0mCannot find module '.'. Did you mean to set the 'moduleResolution' option to 'nodenext', or to add aliases to the 'paths' option?

[7m325[0m import * as Pg from ".";
[7m   [0m [91m                    ~~~[0m

[96m../node_modules/@types/pg/index.d.ts[0m:[93m329[0m:[93m31[0m - [91merror[0m[90m TS2792: [0mCannot find module 'pg-protocol'. Did you mean to set the 'moduleResolution' option to 'nodenext', or to add aliases to the 'paths' option?

[7m329[0m export { DatabaseError } from "pg-protocol";
[7m   [0m [91m                              ~~~~~~~~~~~~~[0m

[96m../node_modules/@types/pg/lib/type-overrides.d.ts[0m:[93m1[0m:[93m35[0m - [91merror[0m[90m TS2792: [0mCannot find module '..'. Did you mean to set the 'moduleResolution' option to 'nodenext', or to add aliases to the 'paths' option?

[7m1[0m import { CustomTypesConfig } from "..";
[7m [0m [91m                                  ~~~~[0m

[96m../node_modules/@types/react/index.d.ts[0m:[93m7[0m:[93m22[0m - [91merror[0m[90m TS2792: [0mCannot find module 'csstype'. Did you mean to set the 'moduleResolution' option to 'nodenext', or to add aliases to the 'paths' option?

[7m7[0m import * as CSS from "csstype";
[7m [0m [91m                     ~~~~~~~~~[0m

[96m../node_modules/@types/request/index.d.ts[0m:[93m10[0m:[93m27[0m - [91merror[0m[90m TS2792: [0mCannot find module 'form-data'. Did you mean to set the 'moduleResolution' option to 'nodenext', or to add aliases to the 'paths' option?

[7m10[0m import FormData = require("form-data");
[7m  [0m [91m                          ~~~~~~~~~~~[0m


Found 40 errors in 12 files.

Errors  Files
     3  ../node_modules/@types/babel__core/index.d.ts[90m:2[0m
     1  ../node_modules/@types/babel__generator/index.d.ts[90m:1[0m
     2  ../node_modules/@types/babel__template/index.d.ts[90m:1[0m
     2  ../node_modules/@types/babel__traverse/index.d.ts[90m:1[0m
     3  ../node_modules/@types/jest/index.d.ts[90m:622[0m
     4  ../node_modules/@types/mdx/types.d.ts[90m:23[0m
    16  ../node_modules/@types/node/globals.d.ts[90m:6[0m
     3  ../node_modules/@types/node/http.d.ts[90m:1972[0m
     3  ../node_modules/@types/pg/index.d.ts[90m:5[0m
     1  ../node_modules/@types/pg/lib/type-overrides.d.ts[90m:1[0m
     1  ../node_modules/@types/react/index.d.ts[90m:7[0m
     1  ../node_modules/@types/request/index.d.ts[90m:10[0m
[37;40mnpm[0m [0m[31;40mERR![0m [0m[35mLifecycle script `build` failed with error:[0m 
[0m[37;40mnpm[0m [0m[31;40mERR![0m [0m[35mError: command failed[0m 
[0m[37;40mnpm[0m [0m[31;40mERR![0m [0m[35m  in workspace: waitr-shared@1.0.0[0m 
[0m[37;40mnpm[0m [0m[31;40mERR![0m [0m[35m  at location: /Users/andreimischie/Waitr/Waitr/shared[0m 
[0m
